0036526188
================

=== UNARCHIVE AND STRUCTURE ===
OK!

=== COMPILE ===
Skipping (python)

=== EVALUATION ===

== A-STAR ==
  Passed 7 / 8 tests.

- Failed test: A-STAR 3x3_misplaced_heuristic.txt
- Command run: python solution.py --ss 3x3_puzzle.txt --alg astar --h 3x3_misplaced_heuristic.txt
Execution timed out.

== BFS ==
  Passed 6 / 6 tests.

== HEURISTIC-CONSISTENT ==
  Passed 10 / 11 tests.

- Failed test: HEURISTIC-CONSISTENT 3x3_misplaced_heuristic.txt
- Command run: python solution.py --ss 3x3_puzzle.txt --h 3x3_misplaced_heuristic.txt --check-consistent 
Execution timed out.

== HEURISTIC-OPTIMISTIC ==
  Passed 10 / 10 tests.

== UCS ==
  Passed 5 / 6 tests.

- Failed test: UCS
- Command run: python solution.py --ss 3x3_puzzle.txt --alg ucs
Execution timed out.

=== TOTAL RESULTS ===
38 / 41 tests passed. (92.68%)

